# JRE version: Java(TM) SE Runtime Environment (17.0.7+8) (build 17.0.7+8-LTS-224)
# Java VM: Java HotSpot(TM) 64-Bit Server VM (17.0.7+8-LTS-224, mixed mode, sharing, tiered, compressed oops, compressed class ptrs, g1 gc, windows-amd64)
GC Precious Log:
 CPUs: 12 total, 12 available
 Memory: 7514M
 Large Page Support: Disabled
 NUMA Support: Disabled
 Compressed Oops: Enabled (32-bit)
 Heap Region Size: 1M
 Heap Min Capacity: 8M
 Heap Initial Capacity: 118M
 Heap Max Capacity: 1880M
 Pre-touch: Disabled
 Parallel Workers: 10
 Concurrent Workers: 3
 Concurrent Refinement Workers: 10
 Periodic GC: Disabled
Heap:
 garbage-first heap   total 61440K, used 28715K [0x000000008a800000, 0x0000000100000000)
  region size 1024K, 6 young (6144K), 2 survivors (2048K)
 Metaspace       used 35372K, committed 35904K, reserved 1081344K
  class space    used 4535K, committed 4800K, reserved 1048576K
GC Heap History (18 events):
Event: 0.825 GC heap before
{Heap before GC invocations=0 (full 0):
 garbage-first heap   total 120832K, used 24576K [0x000000008a800000, 0x0000000100000000)
  region size 1024K, 23 young (23552K), 0 survivors (0K)
 Metaspace       used 6764K, committed 6912K, reserved 1056768K
  class space    used 743K, committed 832K, reserved 1048576K
}
Event: 0.834 GC heap after
{Heap after GC invocations=1 (full 0):
 garbage-first heap   total 120832K, used 11424K [0x000000008a800000, 0x0000000100000000)
  region size 1024K, 3 young (3072K), 3 survivors (3072K)
 Metaspace       used 6764K, committed 6912K, reserved 1056768K
  class space    used 743K, committed 832K, reserved 1048576K
}
Event: 1.225 GC heap before
{Heap before GC invocations=1 (full 0):
 garbage-first heap   total 120832K, used 28832K [0x000000008a800000, 0x0000000100000000)
  region size 1024K, 21 young (21504K), 3 survivors (3072K)
 Metaspace       used 9591K, committed 9856K, reserved 1064960K
  class space    used 1113K, committed 1216K, reserved 1048576K
}
Event: 1.228 GC heap after
{Heap after GC invocations=2 (full 0):
 garbage-first heap   total 120832K, used 12851K [0x000000008a800000, 0x0000000100000000)
  region size 1024K, 1 young (1024K), 1 survivors (1024K)
 Metaspace       used 9591K, committed 9856K, reserved 1064960K
  class space    used 1113K, committed 1216K, reserved 1048576K
}
Event: 2.199 GC heap before
{Heap before GC invocations=2 (full 0):
 garbage-first heap   total 120832K, used 56883K [0x000000008a800000, 0x0000000100000000)
  region size 1024K, 44 young (45056K), 1 survivors (1024K)
 Metaspace       used 17504K, committed 17792K, reserved 1064960K
  class space    used 2265K, committed 2368K, reserved 1048576K
}
Event: 2.204 GC heap after
{Heap after GC invocations=3 (full 0):
 garbage-first heap   total 120832K, used 15257K [0x000000008a800000, 0x0000000100000000)
  region size 1024K, 4 young (4096K), 4 survivors (4096K)
 Metaspace       used 17504K, committed 17792K, reserved 1064960K
  class space    used 2265K, committed 2368K, reserved 1048576K
}
Event: 2.642 GC heap before
{Heap before GC invocations=3 (full 0):
 garbage-first heap   total 120832K, used 36761K [0x000000008a800000, 0x0000000100000000)
  region size 1024K, 27 young (27648K), 4 survivors (4096K)
 Metaspace       used 21244K, committed 21504K, reserved 1073152K
  class space    used 2681K, committed 2816K, reserved 1048576K
}
Event: 2.646 GC heap after
{Heap after GC invocations=4 (full 0):
 garbage-first heap   total 120832K, used 16855K [0x000000008a800000, 0x0000000100000000)
  region size 1024K, 5 young (5120K), 5 survivors (5120K)
 Metaspace       used 21244K, committed 21504K, reserved 1073152K
  class space    used 2681K, committed 2816K, reserved 1048576K
}
Event: 3.487 GC heap before
{Heap before GC invocations=5 (full 0):
 garbage-first heap   total 61440K, used 47575K [0x000000008a800000, 0x0000000100000000)
  region size 1024K, 36 young (36864K), 5 survivors (5120K)
 Metaspace       used 23703K, committed 24000K, reserved 1073152K
  class space    used 3004K, committed 3136K, reserved 1048576K
}
Event: 3.494 GC heap after
{Heap after GC invocations=6 (full 0):
 garbage-first heap   total 61440K, used 18860K [0x000000008a800000, 0x0000000100000000)
  region size 1024K, 7 young (7168K), 7 survivors (7168K)
 Metaspace       used 23703K, committed 24000K, reserved 1073152K
  class space    used 3004K, committed 3136K, reserved 1048576K
}
Event: 4.147 GC heap before
{Heap before GC invocations=6 (full 0):
 garbage-first heap   total 61440K, used 40364K [0x000000008a800000, 0x0000000100000000)
  region size 1024K, 29 young (29696K), 7 survivors (7168K)
 Metaspace       used 26217K, committed 26496K, reserved 1073152K
  class space    used 3337K, committed 3456K, reserved 1048576K
}
Event: 4.156 GC heap after
{Heap after GC invocations=7 (full 0):
 garbage-first heap   total 61440K, used 20324K [0x000000008a800000, 0x0000000100000000)
  region size 1024K, 4 young (4096K), 4 survivors (4096K)
 Metaspace       used 26217K, committed 26496K, reserved 1073152K
  class space    used 3337K, committed 3456K, reserved 1048576K
}
Event: 4.856 GC heap before
{Heap before GC invocations=7 (full 0):
 garbage-first heap   total 61440K, used 43876K [0x000000008a800000, 0x0000000100000000)
  region size 1024K, 27 young (27648K), 4 survivors (4096K)
 Metaspace       used 28706K, committed 29056K, reserved 1081344K
  class space    used 3675K, committed 3840K, reserved 1048576K
}
Event: 4.860 GC heap after
{Heap after GC invocations=8 (full 0):
 garbage-first heap   total 61440K, used 21654K [0x000000008a800000, 0x0000000100000000)
  region size 1024K, 3 young (3072K), 3 survivors (3072K)
 Metaspace       used 28706K, committed 29056K, reserved 1081344K
  class space    used 3675K, committed 3840K, reserved 1048576K
}
Event: 5.400 GC heap before
{Heap before GC invocations=8 (full 0):
 garbage-first heap   total 61440K, used 44182K [0x000000008a800000, 0x0000000100000000)
  region size 1024K, 26 young (26624K), 3 survivors (3072K)
 Metaspace       used 32374K, committed 32832K, reserved 1081344K
  class space    used 4195K, committed 4416K, reserved 1048576K
}
Event: 5.405 GC heap after
{Heap after GC invocations=9 (full 0):
 garbage-first heap   total 61440K, used 24021K [0x000000008a800000, 0x0000000100000000)
  region size 1024K, 4 young (4096K), 4 survivors (4096K)
 Metaspace       used 32374K, committed 32832K, reserved 1081344K
  class space    used 4195K, committed 4416K, reserved 1048576K
}
Event: 5.817 GC heap before
{Heap before GC invocations=9 (full 0):
 garbage-first heap   total 61440K, used 46549K [0x000000008a800000, 0x0000000100000000)
  region size 1024K, 26 young (26624K), 4 survivors (4096K)
 Metaspace       used 34834K, committed 35328K, reserved 1081344K
  class space    used 4477K, committed 4736K, reserved 1048576K
}
Event: 5.822 GC heap after
{Heap after GC invocations=10 (full 0):
 garbage-first heap   total 61440K, used 25643K [0x000000008a800000, 0x0000000100000000)
  region size 1024K, 2 young (2048K), 2 survivors (2048K)
 Metaspace       used 34834K, committed 35328K, reserved 1081344K
  class space    used 4477K, committed 4736K, reserved 1048576K
}

