# JRE version: OpenJDK Runtime Environment Temurin-17.0.8.1+1 (17.0.8.1+1) (build 17.0.8.1+1)
# Java VM: OpenJDK 64-Bit Server VM Temurin-17.0.8.1+1 (17.0.8.1+1, mixed mode, tiered, compressed oops, compressed class ptrs, parallel gc, windows-amd64)
GC Precious Log:
 CPUs: 12 total, 12 available
 Memory: 7514M
 Large Page Support: Disabled
 NUMA Support: Disabled
 Compressed Oops: Enabled (32-bit)
 Alignments: Space 512K, Generation 512K, Heap 2M
 Heap Min Capacity: 100M
 Heap Initial Capacity: 100M
 Heap Max Capacity: 1G
 Pre-touch: Disabled
 Parallel Workers: 10
Heap:
 PSYoungGen      total 21504K, used 15976K [0x00000000eab00000, 0x00000000ec400000, 0x0000000100000000)
  eden space 18944K, 84% used [0x00000000eab00000,0x00000000eba9a1b8,0x00000000ebd80000)
  from space 2560K, 0% used [0x00000000ebd80000,0x00000000ebd80000,0x00000000ec000000)
  to   space 3072K, 0% used [0x00000000ec100000,0x00000000ec100000,0x00000000ec400000)
 ParOldGen       total 68608K, used 42445K [0x00000000c0000000, 0x00000000c4300000, 0x00000000eab00000)
  object space 68608K, 61% used [0x00000000c0000000,0x00000000c29737f0,0x00000000c4300000)
 Metaspace       used 60060K, committed 60992K, reserved 1114112K
  class space    used 6783K, committed 7168K, reserved 1048576K
GC Heap History (20 events):
Event: 9.337 GC heap before
{Heap before GC invocations=19 (full 2):
 PSYoungGen      total 23552K, used 23522K [0x00000000eab00000, 0x00000000ec780000, 0x0000000100000000)
  eden space 22016K, 100% used [0x00000000eab00000,0x00000000ec080000,0x00000000ec080000)
  from space 1536K, 98% used [0x00000000ec400000,0x00000000ec5788c0,0x00000000ec580000)
  to   space 3584K, 0% used [0x00000000ec080000,0x00000000ec080000,0x00000000ec400000)
 ParOldGen       total 68608K, used 19161K [0x00000000c0000000, 0x00000000c4300000, 0x00000000eab00000)
  object space 68608K, 27% used [0x00000000c0000000,0x00000000c12b6530,0x00000000c4300000)
 Metaspace       used 52114K, committed 53056K, reserved 1114112K
  class space    used 5641K, committed 6016K, reserved 1048576K
}
Event: 9.339 GC heap after
{Heap after GC invocations=19 (full 2):
 PSYoungGen      total 24064K, used 1664K [0x00000000eab00000, 0x00000000ec580000, 0x0000000100000000)
  eden space 22016K, 0% used [0x00000000eab00000,0x00000000eab00000,0x00000000ec080000)
  from space 2048K, 81% used [0x00000000ec080000,0x00000000ec220020,0x00000000ec280000)
  to   space 2560K, 0% used [0x00000000ec300000,0x00000000ec300000,0x00000000ec580000)
 ParOldGen       total 68608K, used 20458K [0x00000000c0000000, 0x00000000c4300000, 0x00000000eab00000)
  object space 68608K, 29% used [0x00000000c0000000,0x00000000c13fabf0,0x00000000c4300000)
 Metaspace       used 52114K, committed 53056K, reserved 1114112K
  class space    used 5641K, committed 6016K, reserved 1048576K
}
Event: 9.539 GC heap before
{Heap before GC invocations=20 (full 2):
 PSYoungGen      total 24064K, used 23680K [0x00000000eab00000, 0x00000000ec580000, 0x0000000100000000)
  eden space 22016K, 100% used [0x00000000eab00000,0x00000000ec080000,0x00000000ec080000)
  from space 2048K, 81% used [0x00000000ec080000,0x00000000ec220020,0x00000000ec280000)
  to   space 2560K, 0% used [0x00000000ec300000,0x00000000ec300000,0x00000000ec580000)
 ParOldGen       total 68608K, used 20458K [0x00000000c0000000, 0x00000000c4300000, 0x00000000eab00000)
  object space 68608K, 29% used [0x00000000c0000000,0x00000000c13fabf0,0x00000000c4300000)
 Metaspace       used 52279K, committed 53312K, reserved 1114112K
  class space    used 5659K, committed 6080K, reserved 1048576K
}
Event: 9.543 GC heap after
{Heap after GC invocations=20 (full 2):
 PSYoungGen      total 24576K, used 2240K [0x00000000eab00000, 0x00000000ec580000, 0x0000000100000000)
  eden space 22016K, 0% used [0x00000000eab00000,0x00000000eab00000,0x00000000ec080000)
  from space 2560K, 87% used [0x00000000ec300000,0x00000000ec530010,0x00000000ec580000)
  to   space 2560K, 0% used [0x00000000ec080000,0x00000000ec080000,0x00000000ec300000)
 ParOldGen       total 68608K, used 21923K [0x00000000c0000000, 0x00000000c4300000, 0x00000000eab00000)
  object space 68608K, 31% used [0x00000000c0000000,0x00000000c1568c50,0x00000000c4300000)
 Metaspace       used 52279K, committed 53312K, reserved 1114112K
  class space    used 5659K, committed 6080K, reserved 1048576K
}
Event: 9.657 GC heap before
{Heap before GC invocations=21 (full 2):
 PSYoungGen      total 24576K, used 24256K [0x00000000eab00000, 0x00000000ec580000, 0x0000000100000000)
  eden space 22016K, 100% used [0x00000000eab00000,0x00000000ec080000,0x00000000ec080000)
  from space 2560K, 87% used [0x00000000ec300000,0x00000000ec530010,0x00000000ec580000)
  to   space 2560K, 0% used [0x00000000ec080000,0x00000000ec080000,0x00000000ec300000)
 ParOldGen       total 68608K, used 21923K [0x00000000c0000000, 0x00000000c4300000, 0x00000000eab00000)
  object space 68608K, 31% used [0x00000000c0000000,0x00000000c1568c50,0x00000000c4300000)
 Metaspace       used 52356K, committed 53376K, reserved 1114112K
  class space    used 5670K, committed 6080K, reserved 1048576K
}
Event: 9.661 GC heap after
{Heap after GC invocations=21 (full 2):
 PSYoungGen      total 24576K, used 2528K [0x00000000eab00000, 0x00000000ecb80000, 0x0000000100000000)
  eden space 22016K, 0% used [0x00000000eab00000,0x00000000eab00000,0x00000000ec080000)
  from space 2560K, 98% used [0x00000000ec080000,0x00000000ec2f8020,0x00000000ec300000)
  to   space 5632K, 0% used [0x00000000ec600000,0x00000000ec600000,0x00000000ecb80000)
 ParOldGen       total 68608K, used 24084K [0x00000000c0000000, 0x00000000c4300000, 0x00000000eab00000)
  object space 68608K, 35% used [0x00000000c0000000,0x00000000c17852e8,0x00000000c4300000)
 Metaspace       used 52356K, committed 53376K, reserved 1114112K
  class space    used 5670K, committed 6080K, reserved 1048576K
}
Event: 9.721 GC heap before
{Heap before GC invocations=22 (full 2):
 PSYoungGen      total 24576K, used 24544K [0x00000000eab00000, 0x00000000ecb80000, 0x0000000100000000)
  eden space 22016K, 100% used [0x00000000eab00000,0x00000000ec080000,0x00000000ec080000)
  from space 2560K, 98% used [0x00000000ec080000,0x00000000ec2f8020,0x00000000ec300000)
  to   space 5632K, 0% used [0x00000000ec600000,0x00000000ec600000,0x00000000ecb80000)
 ParOldGen       total 68608K, used 24084K [0x00000000c0000000, 0x00000000c4300000, 0x00000000eab00000)
  object space 68608K, 35% used [0x00000000c0000000,0x00000000c17852e8,0x00000000c4300000)
 Metaspace       used 52356K, committed 53376K, reserved 1114112K
  class space    used 5670K, committed 6080K, reserved 1048576K
}
Event: 9.726 GC heap after
{Heap after GC invocations=22 (full 2):
 PSYoungGen      total 24576K, used 2464K [0x00000000eab00000, 0x00000000ec880000, 0x0000000100000000)
  eden space 22016K, 0% used [0x00000000eab00000,0x00000000eab00000,0x00000000ec080000)
  from space 2560K, 96% used [0x00000000ec600000,0x00000000ec868000,0x00000000ec880000)
  to   space 3584K, 0% used [0x00000000ec180000,0x00000000ec180000,0x00000000ec500000)
 ParOldGen       total 68608K, used 26620K [0x00000000c0000000, 0x00000000c4300000, 0x00000000eab00000)
  object space 68608K, 38% used [0x00000000c0000000,0x00000000c19ff308,0x00000000c4300000)
 Metaspace       used 52356K, committed 53376K, reserved 1114112K
  class space    used 5670K, committed 6080K, reserved 1048576K
}
Event: 9.787 GC heap before
{Heap before GC invocations=23 (full 2):
 PSYoungGen      total 24576K, used 24480K [0x00000000eab00000, 0x00000000ec880000, 0x0000000100000000)
  eden space 22016K, 100% used [0x00000000eab00000,0x00000000ec080000,0x00000000ec080000)
  from space 2560K, 96% used [0x00000000ec600000,0x00000000ec868000,0x00000000ec880000)
  to   space 3584K, 0% used [0x00000000ec180000,0x00000000ec180000,0x00000000ec500000)
 ParOldGen       total 68608K, used 26620K [0x00000000c0000000, 0x00000000c4300000, 0x00000000eab00000)
  object space 68608K, 38% used [0x00000000c0000000,0x00000000c19ff308,0x00000000c4300000)
 Metaspace       used 52356K, committed 53376K, reserved 1114112K
  class space    used 5670K, committed 6080K, reserved 1048576K
}
Event: 9.793 GC heap after
{Heap after GC invocations=23 (full 2):
 PSYoungGen      total 25088K, used 2752K [0x00000000eab00000, 0x00000000ec680000, 0x0000000100000000)
  eden space 22016K, 0% used [0x00000000eab00000,0x00000000eab00000,0x00000000ec080000)
  from space 3072K, 89% used [0x00000000ec180000,0x00000000ec430010,0x00000000ec480000)
  to   space 2048K, 0% used [0x00000000ec480000,0x00000000ec480000,0x00000000ec680000)
 ParOldGen       total 68608K, used 28964K [0x00000000c0000000, 0x00000000c4300000, 0x00000000eab00000)
  object space 68608K, 42% used [0x00000000c0000000,0x00000000c1c49308,0x00000000c4300000)
 Metaspace       used 52356K, committed 53376K, reserved 1114112K
  class space    used 5670K, committed 6080K, reserved 1048576K
}
Event: 10.031 GC heap before
{Heap before GC invocations=24 (full 2):
 PSYoungGen      total 25088K, used 24768K [0x00000000eab00000, 0x00000000ec680000, 0x0000000100000000)
  eden space 22016K, 100% used [0x00000000eab00000,0x00000000ec080000,0x00000000ec080000)
  from space 3072K, 89% used [0x00000000ec180000,0x00000000ec430010,0x00000000ec480000)
  to   space 2048K, 0% used [0x00000000ec480000,0x00000000ec480000,0x00000000ec680000)
 ParOldGen       total 68608K, used 28964K [0x00000000c0000000, 0x00000000c4300000, 0x00000000eab00000)
  object space 68608K, 42% used [0x00000000c0000000,0x00000000c1c49308,0x00000000c4300000)
 Metaspace       used 53490K, committed 54400K, reserved 1114112K
  class space    used 5791K, committed 6144K, reserved 1048576K
}
Event: 10.037 GC heap after
{Heap after GC invocations=24 (full 2):
 PSYoungGen      total 21504K, used 2048K [0x00000000eab00000, 0x00000000ecd80000, 0x0000000100000000)
  eden space 19456K, 0% used [0x00000000eab00000,0x00000000eab00000,0x00000000ebe00000)
  from space 2048K, 100% used [0x00000000ec480000,0x00000000ec680000,0x00000000ec680000)
  to   space 6656K, 0% used [0x00000000ebe00000,0x00000000ebe00000,0x00000000ec480000)
 ParOldGen       total 68608K, used 32969K [0x00000000c0000000, 0x00000000c4300000, 0x00000000eab00000)
  object space 68608K, 48% used [0x00000000c0000000,0x00000000c2032440,0x00000000c4300000)
 Metaspace       used 53490K, committed 54400K, reserved 1114112K
  class space    used 5791K, committed 6144K, reserved 1048576K
}
Event: 10.525 GC heap before
{Heap before GC invocations=25 (full 2):
 PSYoungGen      total 21504K, used 21504K [0x00000000eab00000, 0x00000000ecd80000, 0x0000000100000000)
  eden space 19456K, 100% used [0x00000000eab00000,0x00000000ebe00000,0x00000000ebe00000)
  from space 2048K, 100% used [0x00000000ec480000,0x00000000ec680000,0x00000000ec680000)
  to   space 6656K, 0% used [0x00000000ebe00000,0x00000000ebe00000,0x00000000ec480000)
 ParOldGen       total 68608K, used 32969K [0x00000000c0000000, 0x00000000c4300000, 0x00000000eab00000)
  object space 68608K, 48% used [0x00000000c0000000,0x00000000c2032440,0x00000000c4300000)
 Metaspace       used 56471K, committed 57408K, reserved 1114112K
  class space    used 6172K, committed 6528K, reserved 1048576K
}
Event: 10.529 GC heap after
{Heap after GC invocations=25 (full 2):
 PSYoungGen      total 21504K, used 1845K [0x00000000eab00000, 0x00000000ec500000, 0x0000000100000000)
  eden space 19456K, 0% used [0x00000000eab00000,0x00000000eab00000,0x00000000ebe00000)
  from space 2048K, 90% used [0x00000000ebe00000,0x00000000ebfcd678,0x00000000ec000000)
  to   space 3584K, 0% used [0x00000000ec180000,0x00000000ec180000,0x00000000ec500000)
 ParOldGen       total 68608K, used 35062K [0x00000000c0000000, 0x00000000c4300000, 0x00000000eab00000)
  object space 68608K, 51% used [0x00000000c0000000,0x00000000c223d970,0x00000000c4300000)
 Metaspace       used 56471K, committed 57408K, reserved 1114112K
  class space    used 6172K, committed 6528K, reserved 1048576K
}
Event: 15.065 GC heap before
{Heap before GC invocations=26 (full 2):
 PSYoungGen      total 21504K, used 21145K [0x00000000eab00000, 0x00000000ec500000, 0x0000000100000000)
  eden space 19456K, 99% used [0x00000000eab00000,0x00000000ebdd8f58,0x00000000ebe00000)
  from space 2048K, 90% used [0x00000000ebe00000,0x00000000ebfcd678,0x00000000ec000000)
  to   space 3584K, 0% used [0x00000000ec180000,0x00000000ec180000,0x00000000ec500000)
 ParOldGen       total 68608K, used 35062K [0x00000000c0000000, 0x00000000c4300000, 0x00000000eab00000)
  object space 68608K, 51% used [0x00000000c0000000,0x00000000c223d970,0x00000000c4300000)
 Metaspace       used 58182K, committed 59264K, reserved 1114112K
  class space    used 6459K, committed 6912K, reserved 1048576K
}
Event: 15.068 GC heap after
{Heap after GC invocations=26 (full 2):
 PSYoungGen      total 22528K, used 3330K [0x00000000eab00000, 0x00000000ec600000, 0x0000000100000000)
  eden space 18944K, 0% used [0x00000000eab00000,0x00000000eab00000,0x00000000ebd80000)
  from space 3584K, 92% used [0x00000000ec180000,0x00000000ec4c09f0,0x00000000ec500000)
  to   space 4096K, 0% used [0x00000000ebd80000,0x00000000ebd80000,0x00000000ec180000)
 ParOldGen       total 68608K, used 36699K [0x00000000c0000000, 0x00000000c4300000, 0x00000000eab00000)
  object space 68608K, 53% used [0x00000000c0000000,0x00000000c23d6fd8,0x00000000c4300000)
 Metaspace       used 58182K, committed 59264K, reserved 1114112K
  class space    used 6459K, committed 6912K, reserved 1048576K
}
Event: 15.277 GC heap before
{Heap before GC invocations=27 (full 2):
 PSYoungGen      total 22528K, used 14553K [0x00000000eab00000, 0x00000000ec600000, 0x0000000100000000)
  eden space 18944K, 59% used [0x00000000eab00000,0x00000000eb5f5b68,0x00000000ebd80000)
  from space 3584K, 92% used [0x00000000ec180000,0x00000000ec4c09f0,0x00000000ec500000)
  to   space 4096K, 0% used [0x00000000ebd80000,0x00000000ebd80000,0x00000000ec180000)
 ParOldGen       total 68608K, used 36699K [0x00000000c0000000, 0x00000000c4300000, 0x00000000eab00000)
  object space 68608K, 53% used [0x00000000c0000000,0x00000000c23d6fd8,0x00000000c4300000)
 Metaspace       used 58787K, committed 59776K, reserved 1114112K
  class space    used 6566K, committed 6976K, reserved 1048576K
}
Event: 15.281 GC heap after
{Heap after GC invocations=27 (full 2):
 PSYoungGen      total 21504K, used 2131K [0x00000000eab00000, 0x00000000ec400000, 0x0000000100000000)
  eden space 18944K, 0% used [0x00000000eab00000,0x00000000eab00000,0x00000000ebd80000)
  from space 2560K, 83% used [0x00000000ebd80000,0x00000000ebf94d50,0x00000000ec000000)
  to   space 3072K, 0% used [0x00000000ec100000,0x00000000ec100000,0x00000000ec400000)
 ParOldGen       total 68608K, used 43016K [0x00000000c0000000, 0x00000000c4300000, 0x00000000eab00000)
  object space 68608K, 62% used [0x00000000c0000000,0x00000000c2a021e8,0x00000000c4300000)
 Metaspace       used 58787K, committed 59776K, reserved 1114112K
  class space    used 6566K, committed 6976K, reserved 1048576K
}
Event: 15.281 GC heap before
{Heap before GC invocations=28 (full 3):
 PSYoungGen      total 21504K, used 2131K [0x00000000eab00000, 0x00000000ec400000, 0x0000000100000000)
  eden space 18944K, 0% used [0x00000000eab00000,0x00000000eab00000,0x00000000ebd80000)
  from space 2560K, 83% used [0x00000000ebd80000,0x00000000ebf94d50,0x00000000ec000000)
  to   space 3072K, 0% used [0x00000000ec100000,0x00000000ec100000,0x00000000ec400000)
 ParOldGen       total 68608K, used 43016K [0x00000000c0000000, 0x00000000c4300000, 0x00000000eab00000)
  object space 68608K, 62% used [0x00000000c0000000,0x00000000c2a021e8,0x00000000c4300000)
 Metaspace       used 58787K, committed 59776K, reserved 1114112K
  class space    used 6566K, committed 6976K, reserved 1048576K
}
Event: 15.341 GC heap after
{Heap after GC invocations=28 (full 3):
 PSYoungGen      total 21504K, used 0K [0x00000000eab00000, 0x00000000ec400000, 0x0000000100000000)
  eden space 18944K, 0% used [0x00000000eab00000,0x00000000eab00000,0x00000000ebd80000)
  from space 2560K, 0% used [0x00000000ebd80000,0x00000000ebd80000,0x00000000ec000000)
  to   space 3072K, 0% used [0x00000000ec100000,0x00000000ec100000,0x00000000ec400000)
 ParOldGen       total 68608K, used 42445K [0x00000000c0000000, 0x00000000c4300000, 0x00000000eab00000)
  object space 68608K, 61% used [0x00000000c0000000,0x00000000c29737f0,0x00000000c4300000)
 Metaspace       used 58787K, committed 59776K, reserved 1114112K
  class space    used 6566K, committed 6976K, reserved 1048576K
}

