# JRE version: OpenJDK Runtime Environment Temurin-17.0.8.1+1 (17.0.8.1+1) (build 17.0.8.1+1)
# Java VM: OpenJDK 64-Bit Server VM Temurin-17.0.8.1+1 (17.0.8.1+1, mixed mode, tiered, compressed oops, compressed class ptrs, parallel gc, windows-amd64)
GC Precious Log:
 CPUs: 12 total, 12 available
 Memory: 7514M
 Large Page Support: Disabled
 NUMA Support: Disabled
 Compressed Oops: Enabled (32-bit)
 Alignments: Space 512K, Generation 512K, Heap 2M
 Heap Min Capacity: 100M
 Heap Initial Capacity: 100M
 Heap Max Capacity: 1G
 Pre-touch: Disabled
 Parallel Workers: 10
Heap:
 PSYoungGen      total 14848K, used 6474K [0x00000000eab00000, 0x00000000ebf80000, 0x0000000100000000)
  eden space 13824K, 39% used [0x00000000eab00000,0x00000000eb058568,0x00000000eb880000)
  from space 1024K, 97% used [0x00000000ebc80000,0x00000000ebd7a400,0x00000000ebd80000)
  to   space 3584K, 0% used [0x00000000eb880000,0x00000000eb880000,0x00000000ebc00000)
 ParOldGen       total 311296K, used 280581K [0x00000000c0000000, 0x00000000d3000000, 0x00000000eab00000)
  object space 311296K, 90% used [0x00000000c0000000,0x00000000d1201638,0x00000000d3000000)
 Metaspace       used 108586K, committed 109888K, reserved 1179648K
  class space    used 11182K, committed 11776K, reserved 1048576K
GC Heap History (20 events):
Event: 4297.091 GC heap before
{Heap before GC invocations=26191 (full 521):
 PSYoungGen      total 22016K, used 21199K [0x00000000eab00000, 0x00000000ecb00000, 0x0000000100000000)
  eden space 13824K, 100% used [0x00000000eab00000,0x00000000eb880000,0x00000000eb880000)
  from space 8192K, 90% used [0x00000000ec080000,0x00000000ec7b3c00,0x00000000ec880000)
  to   space 8192K, 0% used [0x00000000eb880000,0x00000000eb880000,0x00000000ec080000)
 ParOldGen       total 311296K, used 261936K [0x00000000c0000000, 0x00000000d3000000, 0x00000000eab00000)
  object space 311296K, 84% used [0x00000000c0000000,0x00000000cffcc260,0x00000000d3000000)
 Metaspace       used 108586K, committed 109888K, reserved 1179648K
  class space    used 11182K, committed 11776K, reserved 1048576K
}
Event: 4297.100 GC heap after
{Heap after GC invocations=26191 (full 521):
 PSYoungGen      total 17408K, used 3504K [0x00000000eab00000, 0x00000000ec500000, 0x0000000100000000)
  eden space 13824K, 0% used [0x00000000eab00000,0x00000000eab00000,0x00000000eb880000)
  from space 3584K, 97% used [0x00000000eb880000,0x00000000ebbec008,0x00000000ebc00000)
  to   space 5120K, 0% used [0x00000000ec000000,0x00000000ec000000,0x00000000ec500000)
 ParOldGen       total 311296K, used 269118K [0x00000000c0000000, 0x00000000d3000000, 0x00000000eab00000)
  object space 311296K, 86% used [0x00000000c0000000,0x00000000d06cfb18,0x00000000d3000000)
 Metaspace       used 108586K, committed 109888K, reserved 1179648K
  class space    used 11182K, committed 11776K, reserved 1048576K
}
Event: 4297.179 GC heap before
{Heap before GC invocations=26192 (full 521):
 PSYoungGen      total 17408K, used 17328K [0x00000000eab00000, 0x00000000ec500000, 0x0000000100000000)
  eden space 13824K, 100% used [0x00000000eab00000,0x00000000eb880000,0x00000000eb880000)
  from space 3584K, 97% used [0x00000000eb880000,0x00000000ebbec008,0x00000000ebc00000)
  to   space 5120K, 0% used [0x00000000ec000000,0x00000000ec000000,0x00000000ec500000)
 ParOldGen       total 311296K, used 269118K [0x00000000c0000000, 0x00000000d3000000, 0x00000000eab00000)
  object space 311296K, 86% used [0x00000000c0000000,0x00000000d06cfb18,0x00000000d3000000)
 Metaspace       used 108586K, committed 109888K, reserved 1179648K
  class space    used 11182K, committed 11776K, reserved 1048576K
}
Event: 4297.185 GC heap after
{Heap after GC invocations=26192 (full 521):
 PSYoungGen      total 15872K, used 1856K [0x00000000eab00000, 0x00000000ec200000, 0x0000000100000000)
  eden space 13824K, 0% used [0x00000000eab00000,0x00000000eab00000,0x00000000eb880000)
  from space 2048K, 90% used [0x00000000ec000000,0x00000000ec1d0008,0x00000000ec200000)
  to   space 3072K, 0% used [0x00000000ebc00000,0x00000000ebc00000,0x00000000ebf00000)
 ParOldGen       total 311296K, used 271934K [0x00000000c0000000, 0x00000000d3000000, 0x00000000eab00000)
  object space 311296K, 87% used [0x00000000c0000000,0x00000000d098fb60,0x00000000d3000000)
 Metaspace       used 108586K, committed 109888K, reserved 1179648K
  class space    used 11182K, committed 11776K, reserved 1048576K
}
Event: 4297.264 GC heap before
{Heap before GC invocations=26193 (full 521):
 PSYoungGen      total 15872K, used 15680K [0x00000000eab00000, 0x00000000ec200000, 0x0000000100000000)
  eden space 13824K, 100% used [0x00000000eab00000,0x00000000eb880000,0x00000000eb880000)
  from space 2048K, 90% used [0x00000000ec000000,0x00000000ec1d0008,0x00000000ec200000)
  to   space 3072K, 0% used [0x00000000ebc00000,0x00000000ebc00000,0x00000000ebf00000)
 ParOldGen       total 311296K, used 271934K [0x00000000c0000000, 0x00000000d3000000, 0x00000000eab00000)
  object space 311296K, 87% used [0x00000000c0000000,0x00000000d098fb60,0x00000000d3000000)
 Metaspace       used 108586K, committed 109888K, reserved 1179648K
  class space    used 11182K, committed 11776K, reserved 1048576K
}
Event: 4297.269 GC heap after
{Heap after GC invocations=26193 (full 521):
 PSYoungGen      total 16896K, used 1056K [0x00000000eab00000, 0x00000000ec080000, 0x0000000100000000)
  eden space 13824K, 0% used [0x00000000eab00000,0x00000000eab00000,0x00000000eb880000)
  from space 3072K, 34% used [0x00000000ebc00000,0x00000000ebd08008,0x00000000ebf00000)
  to   space 1536K, 0% used [0x00000000ebf00000,0x00000000ebf00000,0x00000000ec080000)
 ParOldGen       total 311296K, used 273618K [0x00000000c0000000, 0x00000000d3000000, 0x00000000eab00000)
  object space 311296K, 87% used [0x00000000c0000000,0x00000000d0b34bb8,0x00000000d3000000)
 Metaspace       used 108586K, committed 109888K, reserved 1179648K
  class space    used 11182K, committed 11776K, reserved 1048576K
}
Event: 4297.373 GC heap before
{Heap before GC invocations=26194 (full 521):
 PSYoungGen      total 16896K, used 14880K [0x00000000eab00000, 0x00000000ec080000, 0x0000000100000000)
  eden space 13824K, 100% used [0x00000000eab00000,0x00000000eb880000,0x00000000eb880000)
  from space 3072K, 34% used [0x00000000ebc00000,0x00000000ebd08008,0x00000000ebf00000)
  to   space 1536K, 0% used [0x00000000ebf00000,0x00000000ebf00000,0x00000000ec080000)
 ParOldGen       total 311296K, used 273618K [0x00000000c0000000, 0x00000000d3000000, 0x00000000eab00000)
  object space 311296K, 87% used [0x00000000c0000000,0x00000000d0b34bb8,0x00000000d3000000)
 Metaspace       used 108586K, committed 109888K, reserved 1179648K
  class space    used 11182K, committed 11776K, reserved 1048576K
}
Event: 4297.376 GC heap after
{Heap after GC invocations=26194 (full 521):
 PSYoungGen      total 15360K, used 1504K [0x00000000eab00000, 0x00000000ec080000, 0x0000000100000000)
  eden space 13824K, 0% used [0x00000000eab00000,0x00000000eab00000,0x00000000eb880000)
  from space 1536K, 97% used [0x00000000ebf00000,0x00000000ec078008,0x00000000ec080000)
  to   space 3072K, 0% used [0x00000000eba80000,0x00000000eba80000,0x00000000ebd80000)
 ParOldGen       total 311296K, used 274611K [0x00000000c0000000, 0x00000000d3000000, 0x00000000eab00000)
  object space 311296K, 88% used [0x00000000c0000000,0x00000000d0c2cc20,0x00000000d3000000)
 Metaspace       used 108586K, committed 109888K, reserved 1179648K
  class space    used 11182K, committed 11776K, reserved 1048576K
}
Event: 4297.522 GC heap before
{Heap before GC invocations=26195 (full 521):
 PSYoungGen      total 15360K, used 15327K [0x00000000eab00000, 0x00000000ec080000, 0x0000000100000000)
  eden space 13824K, 99% used [0x00000000eab00000,0x00000000eb87ff70,0x00000000eb880000)
  from space 1536K, 97% used [0x00000000ebf00000,0x00000000ec078008,0x00000000ec080000)
  to   space 3072K, 0% used [0x00000000eba80000,0x00000000eba80000,0x00000000ebd80000)
 ParOldGen       total 311296K, used 274611K [0x00000000c0000000, 0x00000000d3000000, 0x00000000eab00000)
  object space 311296K, 88% used [0x00000000c0000000,0x00000000d0c2cc20,0x00000000d3000000)
 Metaspace       used 108586K, committed 109888K, reserved 1179648K
  class space    used 11182K, committed 11776K, reserved 1048576K
}
Event: 4297.525 GC heap after
{Heap after GC invocations=26195 (full 521):
 PSYoungGen      total 16896K, used 1216K [0x00000000eab00000, 0x00000000ebf80000, 0x0000000100000000)
  eden space 13824K, 0% used [0x00000000eab00000,0x00000000eab00000,0x00000000eb880000)
  from space 3072K, 39% used [0x00000000eba80000,0x00000000ebbb0008,0x00000000ebd80000)
  to   space 2048K, 0% used [0x00000000ebd80000,0x00000000ebd80000,0x00000000ebf80000)
 ParOldGen       total 311296K, used 276080K [0x00000000c0000000, 0x00000000d3000000, 0x00000000eab00000)
  object space 311296K, 88% used [0x00000000c0000000,0x00000000d0d9c140,0x00000000d3000000)
 Metaspace       used 108586K, committed 109888K, reserved 1179648K
  class space    used 11182K, committed 11776K, reserved 1048576K
}
Event: 4297.631 GC heap before
{Heap before GC invocations=26196 (full 521):
 PSYoungGen      total 16896K, used 15040K [0x00000000eab00000, 0x00000000ebf80000, 0x0000000100000000)
  eden space 13824K, 100% used [0x00000000eab00000,0x00000000eb880000,0x00000000eb880000)
  from space 3072K, 39% used [0x00000000eba80000,0x00000000ebbb0008,0x00000000ebd80000)
  to   space 2048K, 0% used [0x00000000ebd80000,0x00000000ebd80000,0x00000000ebf80000)
 ParOldGen       total 311296K, used 276080K [0x00000000c0000000, 0x00000000d3000000, 0x00000000eab00000)
  object space 311296K, 88% used [0x00000000c0000000,0x00000000d0d9c140,0x00000000d3000000)
 Metaspace       used 108586K, committed 109888K, reserved 1179648K
  class space    used 11182K, committed 11776K, reserved 1048576K
}
Event: 4297.633 GC heap after
{Heap after GC invocations=26196 (full 521):
 PSYoungGen      total 14336K, used 329K [0x00000000eab00000, 0x00000000ebe00000, 0x0000000100000000)
  eden space 13824K, 0% used [0x00000000eab00000,0x00000000eab00000,0x00000000eb880000)
  from space 512K, 64% used [0x00000000ebd80000,0x00000000ebdd2400,0x00000000ebe00000)
  to   space 1024K, 0% used [0x00000000ebc00000,0x00000000ebc00000,0x00000000ebd00000)
 ParOldGen       total 311296K, used 277000K [0x00000000c0000000, 0x00000000d3000000, 0x00000000eab00000)
  object space 311296K, 88% used [0x00000000c0000000,0x00000000d0e821f0,0x00000000d3000000)
 Metaspace       used 108586K, committed 109888K, reserved 1179648K
  class space    used 11182K, committed 11776K, reserved 1048576K
}
Event: 4297.804 GC heap before
{Heap before GC invocations=26197 (full 521):
 PSYoungGen      total 14336K, used 14153K [0x00000000eab00000, 0x00000000ebe00000, 0x0000000100000000)
  eden space 13824K, 100% used [0x00000000eab00000,0x00000000eb880000,0x00000000eb880000)
  from space 512K, 64% used [0x00000000ebd80000,0x00000000ebdd2400,0x00000000ebe00000)
  to   space 1024K, 0% used [0x00000000ebc00000,0x00000000ebc00000,0x00000000ebd00000)
 ParOldGen       total 311296K, used 277000K [0x00000000c0000000, 0x00000000d3000000, 0x00000000eab00000)
  object space 311296K, 88% used [0x00000000c0000000,0x00000000d0e821f0,0x00000000d3000000)
 Metaspace       used 108586K, committed 109888K, reserved 1179648K
  class space    used 11182K, committed 11776K, reserved 1048576K
}
Event: 4297.806 GC heap after
{Heap after GC invocations=26197 (full 521):
 PSYoungGen      total 14848K, used 1024K [0x00000000eab00000, 0x00000000ebe00000, 0x0000000100000000)
  eden space 13824K, 0% used [0x00000000eab00000,0x00000000eab00000,0x00000000eb880000)
  from space 1024K, 100% used [0x00000000ebc00000,0x00000000ebd00000,0x00000000ebd00000)
  to   space 1024K, 0% used [0x00000000ebd00000,0x00000000ebd00000,0x00000000ebe00000)
 ParOldGen       total 311296K, used 277699K [0x00000000c0000000, 0x00000000d3000000, 0x00000000eab00000)
  object space 311296K, 89% used [0x00000000c0000000,0x00000000d0f30c98,0x00000000d3000000)
 Metaspace       used 108586K, committed 109888K, reserved 1179648K
  class space    used 11182K, committed 11776K, reserved 1048576K
}
Event: 4297.898 GC heap before
{Heap before GC invocations=26198 (full 521):
 PSYoungGen      total 14848K, used 14848K [0x00000000eab00000, 0x00000000ebe00000, 0x0000000100000000)
  eden space 13824K, 100% used [0x00000000eab00000,0x00000000eb880000,0x00000000eb880000)
  from space 1024K, 100% used [0x00000000ebc00000,0x00000000ebd00000,0x00000000ebd00000)
  to   space 1024K, 0% used [0x00000000ebd00000,0x00000000ebd00000,0x00000000ebe00000)
 ParOldGen       total 311296K, used 277699K [0x00000000c0000000, 0x00000000d3000000, 0x00000000eab00000)
  object space 311296K, 89% used [0x00000000c0000000,0x00000000d0f30c98,0x00000000d3000000)
 Metaspace       used 108586K, committed 109888K, reserved 1179648K
  class space    used 11182K, committed 11776K, reserved 1048576K
}
Event: 4297.901 GC heap after
{Heap after GC invocations=26198 (full 521):
 PSYoungGen      total 14336K, used 425K [0x00000000eab00000, 0x00000000ebd80000, 0x0000000100000000)
  eden space 13824K, 0% used [0x00000000eab00000,0x00000000eab00000,0x00000000eb880000)
  from space 512K, 83% used [0x00000000ebd00000,0x00000000ebd6a400,0x00000000ebd80000)
  to   space 1024K, 0% used [0x00000000ebb80000,0x00000000ebb80000,0x00000000ebc80000)
 ParOldGen       total 311296K, used 278728K [0x00000000c0000000, 0x00000000d3000000, 0x00000000eab00000)
  object space 311296K, 89% used [0x00000000c0000000,0x00000000d1032130,0x00000000d3000000)
 Metaspace       used 108586K, committed 109888K, reserved 1179648K
  class space    used 11182K, committed 11776K, reserved 1048576K
}
Event: 4298.035 GC heap before
{Heap before GC invocations=26199 (full 521):
 PSYoungGen      total 14336K, used 14249K [0x00000000eab00000, 0x00000000ebd80000, 0x0000000100000000)
  eden space 13824K, 100% used [0x00000000eab00000,0x00000000eb880000,0x00000000eb880000)
  from space 512K, 83% used [0x00000000ebd00000,0x00000000ebd6a400,0x00000000ebd80000)
  to   space 1024K, 0% used [0x00000000ebb80000,0x00000000ebb80000,0x00000000ebc80000)
 ParOldGen       total 311296K, used 278728K [0x00000000c0000000, 0x00000000d3000000, 0x00000000eab00000)
  object space 311296K, 89% used [0x00000000c0000000,0x00000000d1032130,0x00000000d3000000)
 Metaspace       used 108586K, committed 109888K, reserved 1179648K
  class space    used 11182K, committed 11776K, reserved 1048576K
}
Event: 4298.037 GC heap after
{Heap after GC invocations=26199 (full 521):
 PSYoungGen      total 14848K, used 1001K [0x00000000eab00000, 0x00000000ebd80000, 0x0000000100000000)
  eden space 13824K, 0% used [0x00000000eab00000,0x00000000eab00000,0x00000000eb880000)
  from space 1024K, 97% used [0x00000000ebb80000,0x00000000ebc7a400,0x00000000ebc80000)
  to   space 1024K, 0% used [0x00000000ebc80000,0x00000000ebc80000,0x00000000ebd80000)
 ParOldGen       total 311296K, used 278736K [0x00000000c0000000, 0x00000000d3000000, 0x00000000eab00000)
  object space 311296K, 89% used [0x00000000c0000000,0x00000000d1034130,0x00000000d3000000)
 Metaspace       used 108586K, committed 109888K, reserved 1179648K
  class space    used 11182K, committed 11776K, reserved 1048576K
}
Event: 4298.140 GC heap before
{Heap before GC invocations=26200 (full 521):
 PSYoungGen      total 14848K, used 14825K [0x00000000eab00000, 0x00000000ebd80000, 0x0000000100000000)
  eden space 13824K, 100% used [0x00000000eab00000,0x00000000eb880000,0x00000000eb880000)
  from space 1024K, 97% used [0x00000000ebb80000,0x00000000ebc7a400,0x00000000ebc80000)
  to   space 1024K, 0% used [0x00000000ebc80000,0x00000000ebc80000,0x00000000ebd80000)
 ParOldGen       total 311296K, used 278736K [0x00000000c0000000, 0x00000000d3000000, 0x00000000eab00000)
  object space 311296K, 89% used [0x00000000c0000000,0x00000000d1034130,0x00000000d3000000)
 Metaspace       used 108586K, committed 109888K, reserved 1179648K
  class space    used 11182K, committed 11776K, reserved 1048576K
}
Event: 4298.142 GC heap after
{Heap after GC invocations=26200 (full 521):
 PSYoungGen      total 14848K, used 1001K [0x00000000eab00000, 0x00000000ebf80000, 0x0000000100000000)
  eden space 13824K, 0% used [0x00000000eab00000,0x00000000eab00000,0x00000000eb880000)
  from space 1024K, 97% used [0x00000000ebc80000,0x00000000ebd7a400,0x00000000ebd80000)
  to   space 3584K, 0% used [0x00000000eb880000,0x00000000eb880000,0x00000000ebc00000)
 ParOldGen       total 311296K, used 280581K [0x00000000c0000000, 0x00000000d3000000, 0x00000000eab00000)
  object space 311296K, 90% used [0x00000000c0000000,0x00000000d1201638,0x00000000d3000000)
 Metaspace       used 108586K, committed 109888K, reserved 1179648K
  class space    used 11182K, committed 11776K, reserved 1048576K
}

