# JRE version: OpenJDK Runtime Environment Temurin-17.0.8.1+1 (17.0.8.1+1) (build 17.0.8.1+1)
# Java VM: OpenJDK 64-Bit Server VM Temurin-17.0.8.1+1 (17.0.8.1+1, mixed mode, emulated-client, tiered, compressed oops, compressed class ptrs, g1 gc, windows-amd64)
GC Precious Log:
 CPUs: 12 total, 12 available
 Memory: 7514M
 Large Page Support: Disabled
 NUMA Support: Disabled
 Compressed Oops: Enabled (32-bit)
 Heap Region Size: 1M
 Heap Min Capacity: 8M
 Heap Initial Capacity: 118M
 Heap Max Capacity: 1G
 Pre-touch: Disabled
 Parallel Workers: 10
 Concurrent Workers: 3
 Concurrent Refinement Workers: 10
 Periodic GC: Disabled
Heap:
 garbage-first heap   total 122880K, used 37006K [0x00000000c0000000, 0x0000000100000000)
  region size 1024K, 1 young (1024K), 0 survivors (0K)
 Metaspace       used 60495K, committed 60864K, reserved 1114112K
  class space    used 7581K, committed 7744K, reserved 1048576K
GC Heap History (20 events):
Event: 41403.189 GC heap before
{Heap before GC invocations=4703 (full 3170):
 garbage-first heap   total 122880K, used 37006K [0x00000000c0000000, 0x0000000100000000)
  region size 1024K, 1 young (1024K), 0 survivors (0K)
 Metaspace       used 60495K, committed 60864K, reserved 1114112K
  class space    used 7581K, committed 7744K, reserved 1048576K
}
Event: 41403.229 GC heap after
{Heap after GC invocations=4704 (full 3171):
 garbage-first heap   total 122880K, used 37006K [0x00000000c0000000, 0x0000000100000000)
  region size 1024K, 0 young (0K), 0 survivors (0K)
 Metaspace       used 60495K, committed 60864K, reserved 1114112K
  class space    used 7581K, committed 7744K, reserved 1048576K
}
Event: 41413.347 GC heap before
{Heap before GC invocations=4704 (full 3171):
 garbage-first heap   total 122880K, used 37006K [0x00000000c0000000, 0x0000000100000000)
  region size 1024K, 1 young (1024K), 0 survivors (0K)
 Metaspace       used 60495K, committed 60864K, reserved 1114112K
  class space    used 7581K, committed 7744K, reserved 1048576K
}
Event: 41413.394 GC heap after
{Heap after GC invocations=4705 (full 3172):
 garbage-first heap   total 122880K, used 37006K [0x00000000c0000000, 0x0000000100000000)
  region size 1024K, 0 young (0K), 0 survivors (0K)
 Metaspace       used 60495K, committed 60864K, reserved 1114112K
  class space    used 7581K, committed 7744K, reserved 1048576K
}
Event: 41423.523 GC heap before
{Heap before GC invocations=4705 (full 3172):
 garbage-first heap   total 122880K, used 37006K [0x00000000c0000000, 0x0000000100000000)
  region size 1024K, 1 young (1024K), 0 survivors (0K)
 Metaspace       used 60495K, committed 60864K, reserved 1114112K
  class space    used 7581K, committed 7744K, reserved 1048576K
}
Event: 41423.571 GC heap after
{Heap after GC invocations=4706 (full 3173):
 garbage-first heap   total 122880K, used 37006K [0x00000000c0000000, 0x0000000100000000)
  region size 1024K, 0 young (0K), 0 survivors (0K)
 Metaspace       used 60495K, committed 60864K, reserved 1114112K
  class space    used 7581K, committed 7744K, reserved 1048576K
}
Event: 41433.702 GC heap before
{Heap before GC invocations=4706 (full 3173):
 garbage-first heap   total 122880K, used 37006K [0x00000000c0000000, 0x0000000100000000)
  region size 1024K, 1 young (1024K), 0 survivors (0K)
 Metaspace       used 60495K, committed 60864K, reserved 1114112K
  class space    used 7581K, committed 7744K, reserved 1048576K
}
Event: 41433.748 GC heap after
{Heap after GC invocations=4707 (full 3174):
 garbage-first heap   total 122880K, used 37006K [0x00000000c0000000, 0x0000000100000000)
  region size 1024K, 0 young (0K), 0 survivors (0K)
 Metaspace       used 60495K, committed 60864K, reserved 1114112K
  class space    used 7581K, committed 7744K, reserved 1048576K
}
Event: 41443.873 GC heap before
{Heap before GC invocations=4707 (full 3174):
 garbage-first heap   total 122880K, used 37006K [0x00000000c0000000, 0x0000000100000000)
  region size 1024K, 1 young (1024K), 0 survivors (0K)
 Metaspace       used 60495K, committed 60864K, reserved 1114112K
  class space    used 7581K, committed 7744K, reserved 1048576K
}
Event: 41443.911 GC heap after
{Heap after GC invocations=4708 (full 3175):
 garbage-first heap   total 122880K, used 37006K [0x00000000c0000000, 0x0000000100000000)
  region size 1024K, 0 young (0K), 0 survivors (0K)
 Metaspace       used 60495K, committed 60864K, reserved 1114112K
  class space    used 7581K, committed 7744K, reserved 1048576K
}
Event: 41454.050 GC heap before
{Heap before GC invocations=4708 (full 3175):
 garbage-first heap   total 122880K, used 37006K [0x00000000c0000000, 0x0000000100000000)
  region size 1024K, 1 young (1024K), 0 survivors (0K)
 Metaspace       used 60495K, committed 60864K, reserved 1114112K
  class space    used 7581K, committed 7744K, reserved 1048576K
}
Event: 41454.097 GC heap after
{Heap after GC invocations=4709 (full 3176):
 garbage-first heap   total 122880K, used 37006K [0x00000000c0000000, 0x0000000100000000)
  region size 1024K, 0 young (0K), 0 survivors (0K)
 Metaspace       used 60495K, committed 60864K, reserved 1114112K
  class space    used 7581K, committed 7744K, reserved 1048576K
}
Event: 41464.226 GC heap before
{Heap before GC invocations=4709 (full 3176):
 garbage-first heap   total 122880K, used 37006K [0x00000000c0000000, 0x0000000100000000)
  region size 1024K, 1 young (1024K), 0 survivors (0K)
 Metaspace       used 60495K, committed 60864K, reserved 1114112K
  class space    used 7581K, committed 7744K, reserved 1048576K
}
Event: 41464.264 GC heap after
{Heap after GC invocations=4710 (full 3177):
 garbage-first heap   total 122880K, used 37006K [0x00000000c0000000, 0x0000000100000000)
  region size 1024K, 0 young (0K), 0 survivors (0K)
 Metaspace       used 60495K, committed 60864K, reserved 1114112K
  class space    used 7581K, committed 7744K, reserved 1048576K
}
Event: 41474.397 GC heap before
{Heap before GC invocations=4710 (full 3177):
 garbage-first heap   total 122880K, used 37006K [0x00000000c0000000, 0x0000000100000000)
  region size 1024K, 1 young (1024K), 0 survivors (0K)
 Metaspace       used 60495K, committed 60864K, reserved 1114112K
  class space    used 7581K, committed 7744K, reserved 1048576K
}
Event: 41474.440 GC heap after
{Heap after GC invocations=4711 (full 3178):
 garbage-first heap   total 122880K, used 37006K [0x00000000c0000000, 0x0000000100000000)
  region size 1024K, 0 young (0K), 0 survivors (0K)
 Metaspace       used 60495K, committed 60864K, reserved 1114112K
  class space    used 7581K, committed 7744K, reserved 1048576K
}
Event: 41484.569 GC heap before
{Heap before GC invocations=4711 (full 3178):
 garbage-first heap   total 122880K, used 37006K [0x00000000c0000000, 0x0000000100000000)
  region size 1024K, 1 young (1024K), 0 survivors (0K)
 Metaspace       used 60495K, committed 60864K, reserved 1114112K
  class space    used 7581K, committed 7744K, reserved 1048576K
}
Event: 41484.609 GC heap after
{Heap after GC invocations=4712 (full 3179):
 garbage-first heap   total 122880K, used 37006K [0x00000000c0000000, 0x0000000100000000)
  region size 1024K, 0 young (0K), 0 survivors (0K)
 Metaspace       used 60495K, committed 60864K, reserved 1114112K
  class space    used 7581K, committed 7744K, reserved 1048576K
}
Event: 41494.728 GC heap before
{Heap before GC invocations=4712 (full 3179):
 garbage-first heap   total 122880K, used 37006K [0x00000000c0000000, 0x0000000100000000)
  region size 1024K, 1 young (1024K), 0 survivors (0K)
 Metaspace       used 60495K, committed 60864K, reserved 1114112K
  class space    used 7581K, committed 7744K, reserved 1048576K
}
Event: 41494.773 GC heap after
{Heap after GC invocations=4713 (full 3180):
 garbage-first heap   total 122880K, used 37006K [0x00000000c0000000, 0x0000000100000000)
  region size 1024K, 0 young (0K), 0 survivors (0K)
 Metaspace       used 60495K, committed 60864K, reserved 1114112K
  class space    used 7581K, committed 7744K, reserved 1048576K
}

