# JRE version: Java(TM) SE Runtime Environment (17.0.7+8) (build 17.0.7+8-LTS-224)
# Java VM: Java HotSpot(TM) 64-Bit Server VM (17.0.7+8-LTS-224, mixed mode, sharing, tiered, compressed oops, compressed class ptrs, g1 gc, windows-amd64)
GC Precious Log:
 CPUs: 12 total, 12 available
 Memory: 7514M
 Large Page Support: Disabled
 NUMA Support: Disabled
 Compressed Oops: Enabled (32-bit)
 Heap Region Size: 1M
 Heap Min Capacity: 8M
 Heap Initial Capacity: 118M
 Heap Max Capacity: 1880M
 Pre-touch: Disabled
 Parallel Workers: 10
 Concurrent Workers: 3
 Concurrent Refinement Workers: 10
 Periodic GC: Disabled
Heap:
 garbage-first heap   total 120832K, used 55889K [0x000000008a800000, 0x0000000100000000)
  region size 1024K, 1 young (1024K), 1 survivors (1024K)
 Metaspace       used 81194K, committed 81920K, reserved 1122304K
  class space    used 10699K, committed 11072K, reserved 1048576K
GC Heap History (20 events):
Event: 291.966 GC heap after
{Heap after GC invocations=42 (full 1):
 garbage-first heap   total 89088K, used 42473K [0x000000008a800000, 0x0000000100000000)
  region size 1024K, 4 young (4096K), 4 survivors (4096K)
 Metaspace       used 78344K, committed 78976K, reserved 1122304K
  class space    used 10476K, committed 10816K, reserved 1048576K
}
Event: 292.296 GC heap before
{Heap before GC invocations=43 (full 1):
 garbage-first heap   total 89088K, used 70121K [0x000000008a800000, 0x0000000100000000)
  region size 1024K, 31 young (31744K), 4 survivors (4096K)
 Metaspace       used 78826K, committed 79552K, reserved 1122304K
  class space    used 10504K, committed 10880K, reserved 1048576K
}
Event: 292.302 GC heap after
{Heap after GC invocations=44 (full 1):
 garbage-first heap   total 89088K, used 44723K [0x000000008a800000, 0x0000000100000000)
  region size 1024K, 4 young (4096K), 4 survivors (4096K)
 Metaspace       used 78826K, committed 79552K, reserved 1122304K
  class space    used 10504K, committed 10880K, reserved 1048576K
}
Event: 292.430 GC heap before
{Heap before GC invocations=44 (full 1):
 garbage-first heap   total 89088K, used 70323K [0x000000008a800000, 0x0000000100000000)
  region size 1024K, 29 young (29696K), 4 survivors (4096K)
 Metaspace       used 79060K, committed 79744K, reserved 1122304K
  class space    used 10520K, committed 10880K, reserved 1048576K
}
Event: 292.440 GC heap after
{Heap after GC invocations=45 (full 1):
 garbage-first heap   total 89088K, used 46045K [0x000000008a800000, 0x0000000100000000)
  region size 1024K, 2 young (2048K), 2 survivors (2048K)
 Metaspace       used 79060K, committed 79744K, reserved 1122304K
  class space    used 10520K, committed 10880K, reserved 1048576K
}
Event: 294.098 GC heap before
{Heap before GC invocations=46 (full 1):
 garbage-first heap   total 97280K, used 69597K [0x000000008a800000, 0x0000000100000000)
  region size 1024K, 25 young (25600K), 2 survivors (2048K)
 Metaspace       used 79486K, committed 80256K, reserved 1122304K
  class space    used 10567K, committed 10944K, reserved 1048576K
}
Event: 294.100 GC heap after
{Heap after GC invocations=47 (full 1):
 garbage-first heap   total 97280K, used 46364K [0x000000008a800000, 0x0000000100000000)
  region size 1024K, 2 young (2048K), 2 survivors (2048K)
 Metaspace       used 79486K, committed 80256K, reserved 1122304K
  class space    used 10567K, committed 10944K, reserved 1048576K
}
Event: 294.509 GC heap before
{Heap before GC invocations=47 (full 1):
 garbage-first heap   total 97280K, used 76060K [0x000000008a800000, 0x0000000100000000)
  region size 1024K, 32 young (32768K), 2 survivors (2048K)
 Metaspace       used 79741K, committed 80448K, reserved 1122304K
  class space    used 10611K, committed 10944K, reserved 1048576K
}
Event: 294.513 GC heap after
{Heap after GC invocations=48 (full 1):
 garbage-first heap   total 97280K, used 48755K [0x000000008a800000, 0x0000000100000000)
  region size 1024K, 4 young (4096K), 4 survivors (4096K)
 Metaspace       used 79741K, committed 80448K, reserved 1122304K
  class space    used 10611K, committed 10944K, reserved 1048576K
}
Event: 294.837 GC heap before
{Heap before GC invocations=49 (full 1):
 garbage-first heap   total 97280K, used 77427K [0x000000008a800000, 0x0000000100000000)
  region size 1024K, 32 young (32768K), 4 survivors (4096K)
 Metaspace       used 80085K, committed 80832K, reserved 1122304K
  class space    used 10636K, committed 11008K, reserved 1048576K
}
Event: 294.848 GC heap after
{Heap after GC invocations=50 (full 1):
 garbage-first heap   total 116736K, used 50537K [0x000000008a800000, 0x0000000100000000)
  region size 1024K, 3 young (3072K), 3 survivors (3072K)
 Metaspace       used 80085K, committed 80832K, reserved 1122304K
  class space    used 10636K, committed 11008K, reserved 1048576K
}
Event: 294.872 GC heap before
{Heap before GC invocations=50 (full 1):
 garbage-first heap   total 116736K, used 52585K [0x000000008a800000, 0x0000000100000000)
  region size 1024K, 5 young (5120K), 3 survivors (3072K)
 Metaspace       used 80086K, committed 80832K, reserved 1122304K
  class space    used 10636K, committed 11008K, reserved 1048576K
}
Event: 294.874 GC heap after
{Heap after GC invocations=51 (full 1):
 garbage-first heap   total 116736K, used 50733K [0x000000008a800000, 0x0000000100000000)
  region size 1024K, 1 young (1024K), 1 survivors (1024K)
 Metaspace       used 80086K, committed 80832K, reserved 1122304K
  class space    used 10636K, committed 11008K, reserved 1048576K
}
Event: 295.157 GC heap before
{Heap before GC invocations=51 (full 1):
 garbage-first heap   total 116736K, used 91693K [0x000000008a800000, 0x0000000100000000)
  region size 1024K, 41 young (41984K), 1 survivors (1024K)
 Metaspace       used 80446K, committed 81152K, reserved 1122304K
  class space    used 10661K, committed 11008K, reserved 1048576K
}
Event: 295.159 GC heap after
{Heap after GC invocations=52 (full 1):
 garbage-first heap   total 116736K, used 52133K [0x000000008a800000, 0x0000000100000000)
  region size 1024K, 2 young (2048K), 2 survivors (2048K)
 Metaspace       used 80446K, committed 81152K, reserved 1122304K
  class space    used 10661K, committed 11008K, reserved 1048576K
}
Event: 295.412 GC heap before
{Heap before GC invocations=53 (full 1):
 garbage-first heap   total 116736K, used 93093K [0x000000008a800000, 0x0000000100000000)
  region size 1024K, 42 young (43008K), 2 survivors (2048K)
 Metaspace       used 80998K, committed 81728K, reserved 1122304K
  class space    used 10689K, committed 11072K, reserved 1048576K
}
Event: 295.416 GC heap after
{Heap after GC invocations=54 (full 1):
 garbage-first heap   total 116736K, used 55292K [0x000000008a800000, 0x0000000100000000)
  region size 1024K, 5 young (5120K), 5 survivors (5120K)
 Metaspace       used 80998K, committed 81728K, reserved 1122304K
  class space    used 10689K, committed 11072K, reserved 1048576K
}
Event: 295.417 GC heap before
{Heap before GC invocations=54 (full 1):
 garbage-first heap   total 116736K, used 56316K [0x000000008a800000, 0x0000000100000000)
  region size 1024K, 6 young (6144K), 5 survivors (5120K)
 Metaspace       used 80998K, committed 81728K, reserved 1122304K
  class space    used 10689K, committed 11072K, reserved 1048576K
}
Event: 295.420 GC heap after
{Heap after GC invocations=55 (full 1):
 garbage-first heap   total 116736K, used 55661K [0x000000008a800000, 0x0000000100000000)
  region size 1024K, 1 young (1024K), 1 survivors (1024K)
 Metaspace       used 80998K, committed 81728K, reserved 1122304K
  class space    used 10689K, committed 11072K, reserved 1048576K
}
Event: 324.247 GC heap before
{Heap before GC invocations=55 (full 1):
 garbage-first heap   total 116736K, used 93549K [0x000000008a800000, 0x0000000100000000)
  region size 1024K, 38 young (38912K), 1 survivors (1024K)
 Metaspace       used 81194K, committed 81920K, reserved 1122304K
  class space    used 10699K, committed 11072K, reserved 1048576K
}

