# JRE version: OpenJDK Runtime Environment Temurin-17.0.8.1+1 (17.0.8.1+1) (build 17.0.8.1+1)
# Java VM: OpenJDK 64-Bit Server VM Temurin-17.0.8.1+1 (17.0.8.1+1, mixed mode, tiered, compressed oops, compressed class ptrs, parallel gc, windows-amd64)
GC Precious Log:
 CPUs: 12 total, 12 available
 Memory: 7514M
 Large Page Support: Disabled
 NUMA Support: Disabled
 Compressed Oops: Enabled (32-bit)
 Alignments: Space 512K, Generation 512K, Heap 2M
 Heap Min Capacity: 100M
 Heap Initial Capacity: 100M
 Heap Max Capacity: 1G
 Pre-touch: Disabled
 Parallel Workers: 10
Heap:
 PSYoungGen      total 21504K, used 2355K [0x00000000eab00000, 0x00000000ec200000, 0x0000000100000000)
  eden space 19456K, 1% used [0x00000000eab00000,0x00000000eab4cc48,0x00000000ebe00000)
  from space 2048K, 100% used [0x00000000ec000000,0x00000000ec200000,0x00000000ec200000)
  to   space 1536K, 0% used [0x00000000ebe80000,0x00000000ebe80000,0x00000000ec000000)
 ParOldGen       total 68608K, used 43180K [0x00000000c0000000, 0x00000000c4300000, 0x00000000eab00000)
  object space 68608K, 62% used [0x00000000c0000000,0x00000000c2a2b148,0x00000000c4300000)
 Metaspace       used 51833K, committed 52736K, reserved 1114112K
  class space    used 5179K, committed 5632K, reserved 1048576K
GC Heap History (20 events):
Event: 9.567 GC heap before
{Heap before GC invocations=23 (full 2):
 PSYoungGen      total 24064K, used 23549K [0x00000000eab00000, 0x00000000ec500000, 0x0000000100000000)
  eden space 21504K, 100% used [0x00000000eab00000,0x00000000ec000000,0x00000000ec000000)
  from space 2560K, 79% used [0x00000000ec280000,0x00000000ec47f6a0,0x00000000ec500000)
  to   space 2560K, 0% used [0x00000000ec000000,0x00000000ec000000,0x00000000ec280000)
 ParOldGen       total 68608K, used 31384K [0x00000000c0000000, 0x00000000c4300000, 0x00000000eab00000)
  object space 68608K, 45% used [0x00000000c0000000,0x00000000c1ea60c0,0x00000000c4300000)
 Metaspace       used 46401K, committed 47168K, reserved 1114112K
  class space    used 4659K, committed 4992K, reserved 1048576K
}
Event: 9.569 GC heap after
{Heap after GC invocations=23 (full 2):
 PSYoungGen      total 22528K, used 752K [0x00000000eab00000, 0x00000000ec300000, 0x0000000100000000)
  eden space 21504K, 0% used [0x00000000eab00000,0x00000000eab00000,0x00000000ec000000)
  from space 1024K, 73% used [0x00000000ec000000,0x00000000ec0bc010,0x00000000ec100000)
  to   space 1536K, 0% used [0x00000000ec180000,0x00000000ec180000,0x00000000ec300000)
 ParOldGen       total 68608K, used 32205K [0x00000000c0000000, 0x00000000c4300000, 0x00000000eab00000)
  object space 68608K, 46% used [0x00000000c0000000,0x00000000c1f737a0,0x00000000c4300000)
 Metaspace       used 46401K, committed 47168K, reserved 1114112K
  class space    used 4659K, committed 4992K, reserved 1048576K
}
Event: 17.030 GC heap before
{Heap before GC invocations=24 (full 2):
 PSYoungGen      total 22528K, used 22256K [0x00000000eab00000, 0x00000000ec300000, 0x0000000100000000)
  eden space 21504K, 100% used [0x00000000eab00000,0x00000000ec000000,0x00000000ec000000)
  from space 1024K, 73% used [0x00000000ec000000,0x00000000ec0bc010,0x00000000ec100000)
  to   space 1536K, 0% used [0x00000000ec180000,0x00000000ec180000,0x00000000ec300000)
 ParOldGen       total 68608K, used 32205K [0x00000000c0000000, 0x00000000c4300000, 0x00000000eab00000)
  object space 68608K, 46% used [0x00000000c0000000,0x00000000c1f737a0,0x00000000c4300000)
 Metaspace       used 48364K, committed 49152K, reserved 1114112K
  class space    used 4854K, committed 5184K, reserved 1048576K
}
Event: 17.032 GC heap after
{Heap after GC invocations=24 (full 2):
 PSYoungGen      total 21504K, used 1536K [0x00000000eab00000, 0x00000000ec600000, 0x0000000100000000)
  eden space 19968K, 0% used [0x00000000eab00000,0x00000000eab00000,0x00000000ebe80000)
  from space 1536K, 100% used [0x00000000ec180000,0x00000000ec300000,0x00000000ec300000)
  to   space 3072K, 0% used [0x00000000ebe80000,0x00000000ebe80000,0x00000000ec180000)
 ParOldGen       total 68608K, used 33230K [0x00000000c0000000, 0x00000000c4300000, 0x00000000eab00000)
  object space 68608K, 48% used [0x00000000c0000000,0x00000000c2073860,0x00000000c4300000)
 Metaspace       used 48364K, committed 49152K, reserved 1114112K
  class space    used 4854K, committed 5184K, reserved 1048576K
}
Event: 17.476 GC heap before
{Heap before GC invocations=25 (full 2):
 PSYoungGen      total 21504K, used 21495K [0x00000000eab00000, 0x00000000ec600000, 0x0000000100000000)
  eden space 19968K, 99% used [0x00000000eab00000,0x00000000ebe7dc98,0x00000000ebe80000)
  from space 1536K, 100% used [0x00000000ec180000,0x00000000ec300000,0x00000000ec300000)
  to   space 3072K, 0% used [0x00000000ebe80000,0x00000000ebe80000,0x00000000ec180000)
 ParOldGen       total 68608K, used 33230K [0x00000000c0000000, 0x00000000c4300000, 0x00000000eab00000)
  object space 68608K, 48% used [0x00000000c0000000,0x00000000c2073860,0x00000000c4300000)
 Metaspace       used 49572K, committed 50368K, reserved 1114112K
  class space    used 5006K, committed 5376K, reserved 1048576K
}
Event: 17.479 GC heap after
{Heap after GC invocations=25 (full 2):
 PSYoungGen      total 22016K, used 1984K [0x00000000eab00000, 0x00000000ec380000, 0x0000000100000000)
  eden space 19968K, 0% used [0x00000000eab00000,0x00000000eab00000,0x00000000ebe80000)
  from space 2048K, 96% used [0x00000000ebe80000,0x00000000ec070020,0x00000000ec080000)
  to   space 2560K, 0% used [0x00000000ec100000,0x00000000ec100000,0x00000000ec380000)
 ParOldGen       total 68608K, used 34769K [0x00000000c0000000, 0x00000000c4300000, 0x00000000eab00000)
  object space 68608K, 50% used [0x00000000c0000000,0x00000000c21f45b8,0x00000000c4300000)
 Metaspace       used 49572K, committed 50368K, reserved 1114112K
  class space    used 5006K, committed 5376K, reserved 1048576K
}
Event: 17.941 GC heap before
{Heap before GC invocations=26 (full 2):
 PSYoungGen      total 22016K, used 21952K [0x00000000eab00000, 0x00000000ec380000, 0x0000000100000000)
  eden space 19968K, 100% used [0x00000000eab00000,0x00000000ebe80000,0x00000000ebe80000)
  from space 2048K, 96% used [0x00000000ebe80000,0x00000000ec070020,0x00000000ec080000)
  to   space 2560K, 0% used [0x00000000ec100000,0x00000000ec100000,0x00000000ec380000)
 ParOldGen       total 68608K, used 34769K [0x00000000c0000000, 0x00000000c4300000, 0x00000000eab00000)
  object space 68608K, 50% used [0x00000000c0000000,0x00000000c21f45b8,0x00000000c4300000)
 Metaspace       used 50416K, committed 51136K, reserved 1114112K
  class space    used 5103K, committed 5440K, reserved 1048576K
}
Event: 17.943 GC heap after
{Heap after GC invocations=26 (full 2):
 PSYoungGen      total 20992K, used 597K [0x00000000eab00000, 0x00000000ec200000, 0x0000000100000000)
  eden space 19968K, 0% used [0x00000000eab00000,0x00000000eab00000,0x00000000ebe80000)
  from space 1024K, 58% used [0x00000000ec100000,0x00000000ec195418,0x00000000ec200000)
  to   space 1536K, 0% used [0x00000000ebf00000,0x00000000ebf00000,0x00000000ec080000)
 ParOldGen       total 68608K, used 36563K [0x00000000c0000000, 0x00000000c4300000, 0x00000000eab00000)
  object space 68608K, 53% used [0x00000000c0000000,0x00000000c23b4fd8,0x00000000c4300000)
 Metaspace       used 50416K, committed 51136K, reserved 1114112K
  class space    used 5103K, committed 5440K, reserved 1048576K
}
Event: 18.194 GC heap before
{Heap before GC invocations=27 (full 2):
 PSYoungGen      total 20992K, used 20565K [0x00000000eab00000, 0x00000000ec200000, 0x0000000100000000)
  eden space 19968K, 100% used [0x00000000eab00000,0x00000000ebe80000,0x00000000ebe80000)
  from space 1024K, 58% used [0x00000000ec100000,0x00000000ec195418,0x00000000ec200000)
  to   space 1536K, 0% used [0x00000000ebf00000,0x00000000ebf00000,0x00000000ec080000)
 ParOldGen       total 68608K, used 36563K [0x00000000c0000000, 0x00000000c4300000, 0x00000000eab00000)
  object space 68608K, 53% used [0x00000000c0000000,0x00000000c23b4fd8,0x00000000c4300000)
 Metaspace       used 50531K, committed 51264K, reserved 1114112K
  class space    used 5104K, committed 5440K, reserved 1048576K
}
Event: 18.197 GC heap after
{Heap after GC invocations=27 (full 2):
 PSYoungGen      total 21504K, used 1104K [0x00000000eab00000, 0x00000000ec180000, 0x0000000100000000)
  eden space 19968K, 0% used [0x00000000eab00000,0x00000000eab00000,0x00000000ebe80000)
  from space 1536K, 71% used [0x00000000ebf00000,0x00000000ec014010,0x00000000ec080000)
  to   space 1024K, 0% used [0x00000000ec080000,0x00000000ec080000,0x00000000ec180000)
 ParOldGen       total 68608K, used 37107K [0x00000000c0000000, 0x00000000c4300000, 0x00000000eab00000)
  object space 68608K, 54% used [0x00000000c0000000,0x00000000c243cc20,0x00000000c4300000)
 Metaspace       used 50531K, committed 51264K, reserved 1114112K
  class space    used 5104K, committed 5440K, reserved 1048576K
}
Event: 18.467 GC heap before
{Heap before GC invocations=28 (full 2):
 PSYoungGen      total 21504K, used 21072K [0x00000000eab00000, 0x00000000ec180000, 0x0000000100000000)
  eden space 19968K, 99% used [0x00000000eab00000,0x00000000ebe7fff8,0x00000000ebe80000)
  from space 1536K, 71% used [0x00000000ebf00000,0x00000000ec014010,0x00000000ec080000)
  to   space 1024K, 0% used [0x00000000ec080000,0x00000000ec080000,0x00000000ec180000)
 ParOldGen       total 68608K, used 37107K [0x00000000c0000000, 0x00000000c4300000, 0x00000000eab00000)
  object space 68608K, 54% used [0x00000000c0000000,0x00000000c243cc20,0x00000000c4300000)
 Metaspace       used 50666K, committed 51456K, reserved 1114112K
  class space    used 5108K, committed 5440K, reserved 1048576K
}
Event: 18.470 GC heap after
{Heap after GC invocations=28 (full 2):
 PSYoungGen      total 20480K, used 1008K [0x00000000eab00000, 0x00000000ec380000, 0x0000000100000000)
  eden space 19456K, 0% used [0x00000000eab00000,0x00000000eab00000,0x00000000ebe00000)
  from space 1024K, 98% used [0x00000000ec080000,0x00000000ec17c010,0x00000000ec180000)
  to   space 2560K, 0% used [0x00000000ebe00000,0x00000000ebe00000,0x00000000ec080000)
 ParOldGen       total 68608K, used 38286K [0x00000000c0000000, 0x00000000c4300000, 0x00000000eab00000)
  object space 68608K, 55% used [0x00000000c0000000,0x00000000c2563960,0x00000000c4300000)
 Metaspace       used 50666K, committed 51456K, reserved 1114112K
  class space    used 5108K, committed 5440K, reserved 1048576K
}
Event: 18.993 GC heap before
{Heap before GC invocations=29 (full 2):
 PSYoungGen      total 20480K, used 20464K [0x00000000eab00000, 0x00000000ec380000, 0x0000000100000000)
  eden space 19456K, 100% used [0x00000000eab00000,0x00000000ebe00000,0x00000000ebe00000)
  from space 1024K, 98% used [0x00000000ec080000,0x00000000ec17c010,0x00000000ec180000)
  to   space 2560K, 0% used [0x00000000ebe00000,0x00000000ebe00000,0x00000000ec080000)
 ParOldGen       total 68608K, used 38286K [0x00000000c0000000, 0x00000000c4300000, 0x00000000eab00000)
  object space 68608K, 55% used [0x00000000c0000000,0x00000000c2563960,0x00000000c4300000)
 Metaspace       used 50819K, committed 51584K, reserved 1114112K
  class space    used 5109K, committed 5440K, reserved 1048576K
}
Event: 18.995 GC heap after
{Heap after GC invocations=29 (full 2):
 PSYoungGen      total 22016K, used 2032K [0x00000000eab00000, 0x00000000ec300000, 0x0000000100000000)
  eden space 19456K, 0% used [0x00000000eab00000,0x00000000eab00000,0x00000000ebe00000)
  from space 2560K, 79% used [0x00000000ebe00000,0x00000000ebffc030,0x00000000ec080000)
  to   space 2560K, 0% used [0x00000000ec080000,0x00000000ec080000,0x00000000ec300000)
 ParOldGen       total 68608K, used 39257K [0x00000000c0000000, 0x00000000c4300000, 0x00000000eab00000)
  object space 68608K, 57% used [0x00000000c0000000,0x00000000c26566a0,0x00000000c4300000)
 Metaspace       used 50819K, committed 51584K, reserved 1114112K
  class space    used 5109K, committed 5440K, reserved 1048576K
}
Event: 19.358 GC heap before
{Heap before GC invocations=30 (full 2):
 PSYoungGen      total 22016K, used 21488K [0x00000000eab00000, 0x00000000ec300000, 0x0000000100000000)
  eden space 19456K, 100% used [0x00000000eab00000,0x00000000ebe00000,0x00000000ebe00000)
  from space 2560K, 79% used [0x00000000ebe00000,0x00000000ebffc030,0x00000000ec080000)
  to   space 2560K, 0% used [0x00000000ec080000,0x00000000ec080000,0x00000000ec300000)
 ParOldGen       total 68608K, used 39257K [0x00000000c0000000, 0x00000000c4300000, 0x00000000eab00000)
  object space 68608K, 57% used [0x00000000c0000000,0x00000000c26566a0,0x00000000c4300000)
 Metaspace       used 51196K, committed 51968K, reserved 1114112K
  class space    used 5133K, committed 5504K, reserved 1048576K
}
Event: 19.360 GC heap after
{Heap after GC invocations=30 (full 2):
 PSYoungGen      total 20480K, used 928K [0x00000000eab00000, 0x00000000ec180000, 0x0000000100000000)
  eden space 19456K, 0% used [0x00000000eab00000,0x00000000eab00000,0x00000000ebe00000)
  from space 1024K, 90% used [0x00000000ec080000,0x00000000ec168000,0x00000000ec180000)
  to   space 1536K, 0% used [0x00000000ebe80000,0x00000000ebe80000,0x00000000ec000000)
 ParOldGen       total 68608K, used 41121K [0x00000000c0000000, 0x00000000c4300000, 0x00000000eab00000)
  object space 68608K, 59% used [0x00000000c0000000,0x00000000c2828710,0x00000000c4300000)
 Metaspace       used 51196K, committed 51968K, reserved 1114112K
  class space    used 5133K, committed 5504K, reserved 1048576K
}
Event: 19.707 GC heap before
{Heap before GC invocations=31 (full 2):
 PSYoungGen      total 20480K, used 20384K [0x00000000eab00000, 0x00000000ec180000, 0x0000000100000000)
  eden space 19456K, 100% used [0x00000000eab00000,0x00000000ebe00000,0x00000000ebe00000)
  from space 1024K, 90% used [0x00000000ec080000,0x00000000ec168000,0x00000000ec180000)
  to   space 1536K, 0% used [0x00000000ebe80000,0x00000000ebe80000,0x00000000ec000000)
 ParOldGen       total 68608K, used 41121K [0x00000000c0000000, 0x00000000c4300000, 0x00000000eab00000)
  object space 68608K, 59% used [0x00000000c0000000,0x00000000c2828710,0x00000000c4300000)
 Metaspace       used 51671K, committed 52608K, reserved 1114112K
  class space    used 5179K, committed 5632K, reserved 1048576K
}
Event: 19.709 GC heap after
{Heap after GC invocations=31 (full 2):
 PSYoungGen      total 20992K, used 1440K [0x00000000eab00000, 0x00000000ec200000, 0x0000000100000000)
  eden space 19456K, 0% used [0x00000000eab00000,0x00000000eab00000,0x00000000ebe00000)
  from space 1536K, 93% used [0x00000000ebe80000,0x00000000ebfe8020,0x00000000ec000000)
  to   space 2048K, 0% used [0x00000000ec000000,0x00000000ec000000,0x00000000ec200000)
 ParOldGen       total 68608K, used 41756K [0x00000000c0000000, 0x00000000c4300000, 0x00000000eab00000)
  object space 68608K, 60% used [0x00000000c0000000,0x00000000c28c73b0,0x00000000c4300000)
 Metaspace       used 51671K, committed 52608K, reserved 1114112K
  class space    used 5179K, committed 5632K, reserved 1048576K
}
Event: 20.267 GC heap before
{Heap before GC invocations=32 (full 2):
 PSYoungGen      total 20992K, used 20896K [0x00000000eab00000, 0x00000000ec200000, 0x0000000100000000)
  eden space 19456K, 100% used [0x00000000eab00000,0x00000000ebe00000,0x00000000ebe00000)
  from space 1536K, 93% used [0x00000000ebe80000,0x00000000ebfe8020,0x00000000ec000000)
  to   space 2048K, 0% used [0x00000000ec000000,0x00000000ec000000,0x00000000ec200000)
 ParOldGen       total 68608K, used 41756K [0x00000000c0000000, 0x00000000c4300000, 0x00000000eab00000)
  object space 68608K, 60% used [0x00000000c0000000,0x00000000c28c73b0,0x00000000c4300000)
 Metaspace       used 51833K, committed 52736K, reserved 1114112K
  class space    used 5179K, committed 5632K, reserved 1048576K
}
Event: 20.270 GC heap after
{Heap after GC invocations=32 (full 2):
 PSYoungGen      total 21504K, used 2048K [0x00000000eab00000, 0x00000000ec200000, 0x0000000100000000)
  eden space 19456K, 0% used [0x00000000eab00000,0x00000000eab00000,0x00000000ebe00000)
  from space 2048K, 100% used [0x00000000ec000000,0x00000000ec200000,0x00000000ec200000)
  to   space 1536K, 0% used [0x00000000ebe80000,0x00000000ebe80000,0x00000000ec000000)
 ParOldGen       total 68608K, used 43180K [0x00000000c0000000, 0x00000000c4300000, 0x00000000eab00000)
  object space 68608K, 62% used [0x00000000c0000000,0x00000000c2a2b148,0x00000000c4300000)
 Metaspace       used 51833K, committed 52736K, reserved 1114112K
  class space    used 5179K, committed 5632K, reserved 1048576K
}

